\BOOKMARK [1][]{section.1}{\376\377\0001\000\040\000S\000u\000m\000m\000a\000r\000y\000\040\000o\000f\000\040\000C\000h\000a\000p\000t\000e\000r\000\040\0002\0001\000:\000\040\000R\000e\000i\000n\000f\000o\000r\000c\000e\000m\000e\000n\000t\000\040\000L\000e\000a\000r\000n\000i\000n\000g}{}% 1
\BOOKMARK [2][]{subsection.1.1}{\376\377\0001\000.\0001\000\040\000I\000n\000t\000r\000o\000d\000u\000c\000t\000i\000o\000n}{section.1}% 2
\BOOKMARK [2][]{subsection.1.2}{\376\377\0001\000.\0002\000\040\000P\000a\000s\000s\000i\000v\000e\000\040\000R\000e\000i\000n\000f\000o\000r\000c\000e\000m\000e\000n\000t\000\040\000L\000e\000a\000r\000n\000i\000n\000g}{section.1}% 3
\BOOKMARK [3][]{subsubsection.1.2.1}{\376\377\0001\000.\0002\000.\0001\000\040\000D\000i\000r\000e\000c\000t\000\040\000U\000t\000i\000l\000i\000t\000y\000\040\000E\000s\000t\000i\000m\000a\000t\000i\000o\000n\000\040\000\050\000D\000U\000E\000\051}{subsection.1.2}% 4
\BOOKMARK [3][]{subsubsection.1.2.2}{\376\377\0001\000.\0002\000.\0002\000\040\000A\000d\000a\000p\000t\000i\000v\000e\000\040\000D\000y\000n\000a\000m\000i\000c\000\040\000P\000r\000o\000g\000r\000a\000m\000m\000i\000n\000g\000\040\000\050\000A\000D\000P\000\051}{subsection.1.2}% 5
\BOOKMARK [3][]{subsubsection.1.2.3}{\376\377\0001\000.\0002\000.\0003\000\040\000T\000e\000m\000p\000o\000r\000a\000l\000-\000D\000i\000f\000f\000e\000r\000e\000n\000c\000e\000\040\000\050\000T\000D\000\051\000\040\000L\000e\000a\000r\000n\000i\000n\000g}{subsection.1.2}% 6
\BOOKMARK [2][]{subsection.1.3}{\376\377\0001\000.\0003\000\040\000A\000c\000t\000i\000v\000e\000\040\000R\000e\000i\000n\000f\000o\000r\000c\000e\000m\000e\000n\000t\000\040\000L\000e\000a\000r\000n\000i\000n\000g}{section.1}% 7
\BOOKMARK [3][]{subsubsection.1.3.1}{\376\377\0001\000.\0003\000.\0001\000\040\000E\000x\000p\000l\000o\000r\000a\000t\000i\000o\000n\000\040\000S\000t\000r\000a\000t\000e\000g\000i\000e\000s}{subsection.1.3}% 8
\BOOKMARK [3][]{subsubsection.1.3.2}{\376\377\0001\000.\0003\000.\0002\000\040\000Q\000-\000L\000e\000a\000r\000n\000i\000n\000g\000\040\000\050\000O\000f\000f\000-\000P\000o\000l\000i\000c\000y\000\051}{subsection.1.3}% 9
\BOOKMARK [3][]{subsubsection.1.3.3}{\376\377\0001\000.\0003\000.\0003\000\040\000S\000A\000R\000S\000A\000\040\000\050\000O\000n\000-\000P\000o\000l\000i\000c\000y\000\051}{subsection.1.3}% 10
\BOOKMARK [2][]{subsection.1.4}{\376\377\0001\000.\0004\000\040\000G\000e\000n\000e\000r\000a\000l\000i\000z\000a\000t\000i\000o\000n\000\040\000i\000n\000\040\000R\000e\000i\000n\000f\000o\000r\000c\000e\000m\000e\000n\000t\000\040\000L\000e\000a\000r\000n\000i\000n\000g}{section.1}% 11
\BOOKMARK [2][]{subsection.1.5}{\376\377\0001\000.\0005\000\040\000P\000o\000l\000i\000c\000y\000\040\000S\000e\000a\000r\000c\000h}{section.1}% 12
\BOOKMARK [1][]{section.2}{\376\377\0002\000\040\000E\000x\000e\000r\000c\000i\000s\000e\000s\000\040\000a\000n\000d\000\040\000S\000o\000l\000u\000t\000i\000o\000n\000s}{}% 13
\BOOKMARK [2][]{subsection.2.1}{\376\377\0002\000.\0001\000\040\000E\000x\000e\000r\000c\000i\000s\000e\000\040\0002\0001\000.\0001\000:\000\040\000P\000a\000s\000s\000i\000v\000e\000\040\000L\000e\000a\000r\000n\000i\000n\000g\000\040\000C\000o\000m\000p\000a\000r\000i\000s\000o\000n}{section.2}% 14
\BOOKMARK [2][]{subsection.2.2}{\376\377\0002\000.\0002\000\040\000E\000x\000e\000r\000c\000i\000s\000e\000\040\0002\0001\000.\0002\000:\000\040\000I\000m\000p\000r\000o\000p\000e\000r\000\040\000P\000o\000l\000i\000c\000i\000e\000s\000\040\000i\000n\000\040\000A\000D\000P}{section.2}% 15
\BOOKMARK [2][]{subsection.2.3}{\376\377\0002\000.\0003\000\040\000E\000x\000e\000r\000c\000i\000s\000e\000\040\0002\0001\000.\0003\000:\000\040\000P\000r\000i\000o\000r\000i\000t\000i\000z\000e\000d\000\040\000S\000w\000e\000e\000p\000i\000n\000g}{section.2}% 16
\BOOKMARK [2][]{subsection.2.4}{\376\377\0002\000.\0004\000\040\000E\000x\000e\000r\000c\000i\000s\000e\000\040\0002\0001\000.\0004\000:\000\040\000T\000D\000\040\000w\000i\000t\000h\000\040\000F\000u\000n\000c\000t\000i\000o\000n\000\040\000A\000p\000p\000r\000o\000x\000i\000m\000a\000t\000i\000o\000n}{section.2}% 17
\BOOKMARK [2][]{subsection.2.5}{\376\377\0002\000.\0005\000\040\000E\000x\000e\000r\000c\000i\000s\000e\000\040\0002\0001\000.\0005\000:\000\040\000F\000u\000n\000c\000t\000i\000o\000n\000\040\000A\000p\000p\000r\000o\000x\000i\000m\000a\000t\000i\000o\000n\000\040\000P\000e\000r\000f\000o\000r\000m\000a\000n\000c\000e}{section.2}% 18
\BOOKMARK [2][]{subsection.2.6}{\376\377\0002\000.\0006\000\040\000E\000x\000e\000r\000c\000i\000s\000e\000\040\0002\0001\000.\0006\000:\000\040\000F\000e\000a\000t\000u\000r\000e\000\040\000D\000e\000s\000i\000g\000n\000\040\000f\000o\000r\000\040\000G\000r\000i\000d\000\040\000W\000o\000r\000l\000d\000s}{section.2}% 19
\BOOKMARK [2][]{subsection.2.7}{\376\377\0002\000.\0007\000\040\000E\000x\000e\000r\000c\000i\000s\000e\000\040\0002\0001\000.\0007\000:\000\040\000R\000e\000i\000n\000f\000o\000r\000c\000e\000m\000e\000n\000t\000\040\000L\000e\000a\000r\000n\000i\000n\000g\000\040\000f\000o\000r\000\040\000G\000a\000m\000e\000\040\000P\000l\000a\000y\000i\000n\000g}{section.2}% 20
\BOOKMARK [2][]{subsection.2.8}{\376\377\0002\000.\0008\000\040\000E\000x\000e\000r\000c\000i\000s\000e\000\040\0002\0001\000.\0008\000:\000\040\000U\000t\000i\000l\000i\000t\000y\000\040\000F\000u\000n\000c\000t\000i\000o\000n\000s\000\040\000a\000n\000d\000\040\000L\000i\000n\000e\000a\000r\000\040\000A\000p\000p\000r\000o\000x\000i\000m\000a\000t\000i\000o\000n\000s}{section.2}% 21
\BOOKMARK [2][]{subsection.2.9}{\376\377\0002\000.\0009\000\040\000E\000x\000e\000r\000c\000i\000s\000e\000\040\0002\0001\000.\0009\000:\000\040\000R\000E\000I\000N\000F\000O\000R\000C\000E\000\040\000a\000n\000d\000\040\000P\000E\000G\000A\000S\000U\000S\000\040\000A\000l\000g\000o\000r\000i\000t\000h\000m\000s}{section.2}% 22
\BOOKMARK [2][]{subsection.2.10}{\376\377\0002\000.\0001\0000\000\040\000E\000x\000e\000r\000c\000i\000s\000e\000\040\0002\0001\000.\0001\0000\000:\000\040\000R\000e\000i\000n\000f\000o\000r\000c\000e\000m\000e\000n\000t\000\040\000L\000e\000a\000r\000n\000i\000n\000g\000\040\000a\000n\000d\000\040\000E\000v\000o\000l\000u\000t\000i\000o\000n}{section.2}% 23
\BOOKMARK [1][]{section.3}{\376\377\0003\000\040\000C\000o\000n\000c\000l\000u\000s\000i\000o\000n}{}% 24
